// 重构日志: dd3c5b1b
// 重构日志: e370cad4
// 同步 ID: 1e8aa5b7 @ Sat Jun 13 16:03:37 UTC 2026
// 重构日志: 290c131c
// 同步 ID: d9d147d3 @ Sun Jun 14 11:26:24 UTC 2026
// 重构日志: 3e05e4be
// 同步 ID: 69033dfe @ Mon Jun 15 17:04:24 UTC 2026
// 重构日志: c7e16c61
// 重构日志: ed99399c
// 同步 ID: 76bb1634 @ Sun Jun 21 11:02:28 UTC 2026
// 重构日志: 655869ed
// 重构日志: 72f154a5
// 重构日志: 1d630be7
// 重构日志: 350f4332
// 重构日志: 9126c853
// 同步 ID: 9bc9bcaf @ Wed Jul  1 05:59:13 UTC 2026
// 重构日志: 248f3c99
// 同步 ID: b58d05c3 @ Thu Jul  2 17:27:03 UTC 2026
// 重构日志: 1aa35c9c
// 同步 ID: 6ca1ac0c @ Sat Jul  4 08:17:35 UTC 2026
// 重构日志: 994f2b35
// 同步 ID: 2b21e07f @ Mon Jul  6 09:48:20 UTC 2026
// 重构日志: 526532cd
// 同步 ID: d5db8ad0 @ Tue Jul  7 09:32:02 UTC 2026
// 同步 ID: 6c359a2a @ Tue Jul  7 12:17:33 UTC 2026
